2024.04.16 20:24:05 INFO  Started: Metals version 1.3.0 in folders 'C:\Users\Abdulla\OneDrive\Desktop\Codes\Scala' for client Visual Studio Code 1.88.1.
SLF4J: Class path contains multiple SLF4J providers.
SLF4J: Found provider [scribe.slf4j.ScribeServiceProvider@2e96f41]
SLF4J: Found provider [ch.qos.logback.classic.spi.LogbackServiceProvider@2901b565]
SLF4J: See https://www.slf4j.org/codes.html#multiple_bindings for an explanation.
SLF4J: Actual provider is of type [scribe.slf4j.ScribeServiceProvider@2e96f41]
2024.04.16 20:24:06 WARN  Flyway upgrade recommended: H2 2.2.224 is newer than this version of Flyway and support has not been tested. The latest supported version of H2 is 2.2.220.
2024.04.16 20:24:14 INFO  Running List(C:\Users\Abdulla\AppData\Local\Coursier\data\bin\scala-cli.BAT, setup-ide, C:\Users\Abdulla\OneDrive\Desktop\Codes\Scala)
2024.04.16 20:24:16 INFO  Attempting to connect to the build server...
2024.04.16 20:24:16 INFO  Running BSP server List(C:\Users\Abdulla\AppData\Local\Coursier\data\bin\.scala-cli.aux.exe, bsp, --json-options, C:\Users\Abdulla\OneDrive\Desktop\Codes\Scala\.scala-build\ide-options-v2.json, C:\Users\Abdulla\OneDrive\Desktop\Codes\Scala)
2024.04.16 20:24:16 INFO  tracing is disabled for protocol BSP, to enable tracing of incoming and outgoing JSON messages create an empty file at C:\Users\Abdulla\OneDrive\Desktop\Codes\Scala\.metals\bsp.trace.json or C:\Users\Abdulla\AppData\Local\scalameta\metals\cache\bsp.trace.json
2024.04.16 20:24:24 INFO  BSP server: Downloading https://repo1.maven.org/maven2/io/github/alexarchambault/bleep/bloop-frontend_2.12/1.5.16-sc-1/bloop-frontend_2.12-1.5.16-sc-1.pom
2024.04.16 20:24:26 INFO  BSP server: Downloaded https://repo1.maven.org/maven2/io/github/alexarchambault/bleep/bloop-frontend_2.12/1.5.16-sc-1/bloop-frontend_2.12-1.5.16-sc-1.pom
2024.04.16 20:24:26 INFO  BSP server: Downloading https://repo1.maven.org/maven2/ch/qos/logback/logback-classic/1.4.14/logback-classic-1.4.14.pom
2024.04.16 20:24:26 INFO  BSP server: Downloading https://repo1.maven.org/maven2/ch/epfl/scala/scala-debug-adapter_2.12/4.0.3/scala-debug-adapter_2.12-4.0.3.pom
2024.04.16 20:24:26 INFO  BSP server: Downloading https://repo1.maven.org/maven2/io/github/alexarchambault/bleep/bloop-backend_2.12/1.5.16-sc-1/bloop-backend_2.12-1.5.16-sc-1.pom
2024.04.16 20:24:26 INFO  BSP server: Downloaded https://repo1.maven.org/maven2/ch/qos/logback/logback-classic/1.4.14/logback-classic-1.4.14.pom
2024.04.16 20:24:27 INFO  BSP server: Downloaded https://repo1.maven.org/maven2/ch/epfl/scala/scala-debug-adapter_2.12/4.0.3/scala-debug-adapter_2.12-4.0.3.pom
2024.04.16 20:24:27 INFO  BSP server: Downloaded https://repo1.maven.org/maven2/io/github/alexarchambault/bleep/bloop-backend_2.12/1.5.16-sc-1/bloop-backend_2.12-1.5.16-sc-1.pom
2024.04.16 20:24:27 INFO  BSP server: Downloading https://repo1.maven.org/maven2/ch/qos/logback/logback-parent/1.4.14/logback-parent-1.4.14.pom
2024.04.16 20:24:27 INFO  BSP server: Downloaded https://repo1.maven.org/maven2/ch/qos/logback/logback-parent/1.4.14/logback-parent-1.4.14.pom
2024.04.16 20:24:27 INFO  BSP server: Downloading https://repo1.maven.org/maven2/ch/epfl/scala/com-microsoft-java-debug-core/0.34.0+27/com-microsoft-java-debug-core-0.34.0+27.pom
2024.04.16 20:24:27 INFO  BSP server: Downloading https://repo1.maven.org/maven2/io/github/alexarchambault/bleep/bloop-shared_2.12/1.5.16-sc-1/bloop-shared_2.12-1.5.16-sc-1.pom
2024.04.16 20:24:27 INFO  BSP server: Downloading https://repo1.maven.org/maven2/ch/qos/logback/logback-core/1.4.14/logback-core-1.4.14.pom
2024.04.16 20:24:28 INFO  BSP server: Downloaded https://repo1.maven.org/maven2/io/github/alexarchambault/bleep/bloop-shared_2.12/1.5.16-sc-1/bloop-shared_2.12-1.5.16-sc-1.pom
2024.04.16 20:24:28 INFO  BSP server: Downloaded https://repo1.maven.org/maven2/ch/qos/logback/logback-core/1.4.14/logback-core-1.4.14.pom
2024.04.16 20:24:28 INFO  BSP server: Downloaded https://repo1.maven.org/maven2/ch/epfl/scala/com-microsoft-java-debug-core/0.34.0+27/com-microsoft-java-debug-core-0.34.0+27.pom
2024.04.16 20:24:28 INFO  BSP server: Downloading https://repo1.maven.org/maven2/io/github/alexarchambault/bleep/jsonrpc4s_2.12/0.1.1/jsonrpc4s_2.12-0.1.1.pom
2024.04.16 20:24:28 INFO  BSP server: Downloaded https://repo1.maven.org/maven2/io/github/alexarchambault/bleep/jsonrpc4s_2.12/0.1.1/jsonrpc4s_2.12-0.1.1.pom
2024.04.16 20:24:29 INFO  BSP server: Downloading https://repo1.maven.org/maven2/org/scala-lang/scala-compiler/2.12.19/scala-compiler-2.12.19.pom
2024.04.16 20:24:29 INFO  BSP server: Downloading https://repo1.maven.org/maven2/com/github/plokhotnyuk/jsoniter-scala/jsoniter-scala-core_2.12/2.13.5/jsoniter-scala-core_2.12-2.13.5.pom
2024.04.16 20:24:29 INFO  BSP server: Downloaded https://repo1.maven.org/maven2/org/scala-lang/scala-compiler/2.12.19/scala-compiler-2.12.19.pom
2024.04.16 20:24:29 INFO  BSP server: Downloaded https://repo1.maven.org/maven2/com/github/plokhotnyuk/jsoniter-scala/jsoniter-scala-core_2.12/2.13.5/jsoniter-scala-core_2.12-2.13.5.pom
2024.04.16 20:24:30 INFO  BSP server: Downloading https://repo1.maven.org/maven2/io/github/alexarchambault/bleep/jsonrpc4s_2.12/0.1.1/jsonrpc4s_2.12-0.1.1.jar
2024.04.16 20:24:30 INFO  BSP server: Downloading https://repo1.maven.org/maven2/ch/epfl/scala/scala-debug-adapter_2.12/4.0.3/scala-debug-adapter_2.12-4.0.3.jar
2024.04.16 20:24:30 INFO  BSP server: Downloading https://repo1.maven.org/maven2/io/github/alexarchambault/bleep/bloop-backend_2.12/1.5.16-sc-1/bloop-backend_2.12-1.5.16-sc-1.jar
2024.04.16 20:24:30 INFO  BSP server: Downloading https://repo1.maven.org/maven2/com/thesamet/scalapb/scalapb-runtime_2.12/0.11.15/scalapb-runtime_2.12-0.11.15.jar
2024.04.16 20:24:30 INFO  BSP server: Downloading https://repo1.maven.org/maven2/io/github/alexarchambault/bleep/bloop-frontend_2.12/1.5.16-sc-1/bloop-frontend_2.12-1.5.16-sc-1.jar
2024.04.16 20:24:30 INFO  BSP server: Downloading https://repo1.maven.org/maven2/org/apache/logging/log4j/log4j-api/2.23.0/log4j-api-2.23.0.jar
2024.04.16 20:24:32 INFO  BSP server: Downloaded https://repo1.maven.org/maven2/io/github/alexarchambault/bleep/jsonrpc4s_2.12/0.1.1/jsonrpc4s_2.12-0.1.1.jar
2024.04.16 20:24:32 INFO  BSP server: Downloading https://repo1.maven.org/maven2/io/github/alexarchambault/bleep/bloop-shared_2.12/1.5.16-sc-1/bloop-shared_2.12-1.5.16-sc-1.jar
2024.04.16 20:24:33 INFO  BSP server: Downloaded https://repo1.maven.org/maven2/io/github/alexarchambault/bleep/bloop-shared_2.12/1.5.16-sc-1/bloop-shared_2.12-1.5.16-sc-1.jar
2024.04.16 20:24:33 INFO  BSP server: Downloading https://repo1.maven.org/maven2/org/scalameta/trees_2.12/4.9.1/trees_2.12-4.9.1.jar
2024.04.16 20:24:33 INFO  BSP server: Downloaded https://repo1.maven.org/maven2/ch/epfl/scala/scala-debug-adapter_2.12/4.0.3/scala-debug-adapter_2.12-4.0.3.jar
2024.04.16 20:24:33 INFO  BSP server: Downloading https://repo1.maven.org/maven2/com/github/plokhotnyuk/jsoniter-scala/jsoniter-scala-core_2.12/2.13.5/jsoniter-scala-core_2.12-2.13.5.jar
2024.04.16 20:24:35 INFO  BSP server: Downloaded https://repo1.maven.org/maven2/org/apache/logging/log4j/log4j-api/2.23.0/log4j-api-2.23.0.jar
2024.04.16 20:24:35 INFO  BSP server: Downloading https://repo1.maven.org/maven2/org/scala-lang/scala-library/2.12.19/scala-library-2.12.19.jar
2024.04.16 20:24:35 INFO  BSP server: Downloaded https://repo1.maven.org/maven2/com/github/plokhotnyuk/jsoniter-scala/jsoniter-scala-core_2.12/2.13.5/jsoniter-scala-core_2.12-2.13.5.jar
2024.04.16 20:24:35 INFO  BSP server: Downloading https://repo1.maven.org/maven2/org/scala-lang/scala-compiler/2.12.19/scala-compiler-2.12.19.jar
2024.04.16 20:24:39 INFO  BSP server: Downloaded https://repo1.maven.org/maven2/io/github/alexarchambault/bleep/bloop-backend_2.12/1.5.16-sc-1/bloop-backend_2.12-1.5.16-sc-1.jar
2024.04.16 20:24:39 INFO  BSP server: Downloading https://repo1.maven.org/maven2/org/scala-lang/scala-reflect/2.12.19/scala-reflect-2.12.19.jar
2024.04.16 20:24:42 WARN  no build target for: C:\Users\Abdulla\OneDrive\Desktop\Codes\Scala\new.scala
Apr 16, 2024 8:24:43 PM org.eclipse.lsp4j.jsonrpc.RemoteEndpoint handleCancellation
WARNING: Unmatched cancel notification for request id 17
2024.04.16 20:24:44 INFO  BSP server: Still downloading:
2024.04.16 20:24:44 INFO  BSP server: https://repo1.maven.org/maven2/com/thesamet/scalapb/scalapb-runtime_2.12/0.11.15/scalapb-runtime_2.12-0.11.15.jar (97.48 %, 2323364 / 2383485)
2024.04.16 20:24:44 INFO  BSP server: https://repo1.maven.org/maven2/io/github/alexarchambault/bleep/bloop-frontend_2.12/1.5.16-sc-1/bloop-frontend_2.12-1.5.16-sc-1.jar (77.65 %, 1173561 / 1511419)
2024.04.16 20:24:44 INFO  BSP server: https://repo1.maven.org/maven2/org/scalameta/trees_2.12/4.9.1/trees_2.12-4.9.1.jar (27.69 %, 2468580 / 8916110)
2024.04.16 20:24:44 INFO  BSP server: https://repo1.maven.org/maven2/org/scala-lang/scala-reflect/2.12.19/scala-reflect-2.12.19.jar (27.05 %, 992946 / 3670569)
2024.04.16 20:24:44 INFO  BSP server: https://repo1.maven.org/maven2/org/scala-lang/scala-compiler/2.12.19/scala-compiler-2.12.19.jar (17.58 %, 1932194 / 10993868)
2024.04.16 20:24:44 INFO  BSP server: https://repo1.maven.org/maven2/org/scala-lang/scala-library/2.12.19/scala-library-2.12.19.jar (13.85 %, 752891 / 5435881)
2024.04.16 20:24:44 INFO  BSP server: 
2024.04.16 20:24:44 INFO  BSP server: Downloaded https://repo1.maven.org/maven2/com/thesamet/scalapb/scalapb-runtime_2.12/0.11.15/scalapb-runtime_2.12-0.11.15.jar
2024.04.16 20:24:44 INFO  BSP server: Downloading https://repo1.maven.org/maven2/org/scalameta/common_2.12/4.9.1/common_2.12-4.9.1.jar
2024.04.16 20:24:47 INFO  BSP server: Downloaded https://repo1.maven.org/maven2/io/github/alexarchambault/bleep/bloop-frontend_2.12/1.5.16-sc-1/bloop-frontend_2.12-1.5.16-sc-1.jar
2024.04.16 20:24:47 INFO  BSP server: Downloading https://repo1.maven.org/maven2/ch/qos/logback/logback-core/1.4.14/logback-core-1.4.14.jar
2024.04.16 20:24:52 INFO  BSP server: Still downloading:
2024.04.16 20:24:52 INFO  BSP server: https://repo1.maven.org/maven2/ch/qos/logback/logback-core/1.4.14/logback-core-1.4.14.jar (63.10 %, 376832 / 597229)
2024.04.16 20:24:52 INFO  BSP server: https://repo1.maven.org/maven2/org/scala-lang/scala-reflect/2.12.19/scala-reflect-2.12.19.jar (46.69 %, 1713842 / 3670569)
2024.04.16 20:24:52 INFO  BSP server: https://repo1.maven.org/maven2/org/scalameta/trees_2.12/4.9.1/trees_2.12-4.9.1.jar (40.55 %, 3615460 / 8916110)
2024.04.16 20:24:52 INFO  BSP server: https://repo1.maven.org/maven2/org/scala-lang/scala-compiler/2.12.19/scala-compiler-2.12.19.jar (27.71 %, 3046306 / 10993868)
2024.04.16 20:24:52 INFO  BSP server: https://repo1.maven.org/maven2/org/scala-lang/scala-library/2.12.19/scala-library-2.12.19.jar (25.61 %, 1391867 / 5435881)
2024.04.16 20:24:52 INFO  BSP server: https://repo1.maven.org/maven2/org/scalameta/common_2.12/4.9.1/common_2.12-4.9.1.jar (23.33 %, 571433 / 2449068)
2024.04.16 20:24:52 INFO  BSP server: 
2024.04.16 20:24:53 INFO  BSP server: Downloaded https://repo1.maven.org/maven2/ch/qos/logback/logback-core/1.4.14/logback-core-1.4.14.jar
2024.04.16 20:24:53 INFO  BSP server: Downloading https://repo1.maven.org/maven2/org/ow2/asm/asm/9.7/asm-9.7.jar
2024.04.16 20:24:55 INFO  BSP server: Downloaded https://repo1.maven.org/maven2/org/ow2/asm/asm/9.7/asm-9.7.jar
2024.04.16 20:24:55 INFO  BSP server: Downloading https://repo1.maven.org/maven2/ch/epfl/scala/com-microsoft-java-debug-core/0.34.0+27/com-microsoft-java-debug-core-0.34.0+27.jar
2024.04.16 20:24:57 INFO  BSP server: Downloaded https://repo1.maven.org/maven2/ch/epfl/scala/com-microsoft-java-debug-core/0.34.0+27/com-microsoft-java-debug-core-0.34.0+27.jar
2024.04.16 20:24:57 INFO  BSP server: Downloading https://repo1.maven.org/maven2/ch/qos/logback/logback-classic/1.4.14/logback-classic-1.4.14.jar
2024.04.16 20:24:59 INFO  BSP server: Downloaded https://repo1.maven.org/maven2/ch/qos/logback/logback-classic/1.4.14/logback-classic-1.4.14.jar
2024.04.16 20:25:03 INFO  BSP server: Downloaded https://repo1.maven.org/maven2/org/scala-lang/scala-reflect/2.12.19/scala-reflect-2.12.19.jar
2024.04.16 20:25:08 INFO  BSP server: Downloaded https://repo1.maven.org/maven2/org/scalameta/common_2.12/4.9.1/common_2.12-4.9.1.jar
2024.04.16 20:25:10 INFO  BSP server: Downloaded https://repo1.maven.org/maven2/org/scalameta/trees_2.12/4.9.1/trees_2.12-4.9.1.jar
2024.04.16 20:25:15 INFO  BSP server: Still downloading:
2024.04.16 20:25:15 INFO  BSP server: https://repo1.maven.org/maven2/org/scala-lang/scala-compiler/2.12.19/scala-compiler-2.12.19.jar (87.17 %, 9583522 / 10993868)
2024.04.16 20:25:15 INFO  BSP server: https://repo1.maven.org/maven2/org/scala-lang/scala-library/2.12.19/scala-library-2.12.19.jar (81.67 %, 4439291 / 5435881)
2024.04.16 20:25:15 INFO  BSP server: 
2024.04.16 20:25:16 INFO  no build target found for C:\Users\Abdulla\OneDrive\Desktop\Codes\Scala\new.scala. Using presentation compiler with project's scala-library version: 3.3.3
Apr 16, 2024 8:25:16 PM org.eclipse.lsp4j.jsonrpc.RemoteEndpoint handleCancellation
WARNING: Unmatched cancel notification for request id 22
2024.04.16 20:25:16 ERROR Timeout waiting for 'build/initialize' response
2024.04.16 20:25:16 WARN  Retrying connection to the build server scala-cli
2024.04.16 20:25:16 INFO  Running BSP server List(C:\Users\Abdulla\AppData\Local\Coursier\data\bin\.scala-cli.aux.exe, bsp, --json-options, C:\Users\Abdulla\OneDrive\Desktop\Codes\Scala\.scala-build\ide-options-v2.json, C:\Users\Abdulla\OneDrive\Desktop\Codes\Scala)
2024.04.16 20:25:16 INFO  tracing is disabled for protocol BSP, to enable tracing of incoming and outgoing JSON messages create an empty file at C:\Users\Abdulla\OneDrive\Desktop\Codes\Scala\.metals\bsp.trace.json or C:\Users\Abdulla\AppData\Local\scalameta\metals\cache\bsp.trace.json
Apr 16, 2024 8:25:16 PM org.eclipse.lsp4j.jsonrpc.RemoteEndpoint handleCancellation
WARNING: Unmatched cancel notification for request id 29
Apr 16, 2024 8:25:16 PM org.eclipse.lsp4j.jsonrpc.RemoteEndpoint handleCancellation
WARNING: Unmatched cancel notification for request id 31
Apr 16, 2024 8:25:16 PM org.eclipse.lsp4j.jsonrpc.RemoteEndpoint handleCancellation
WARNING: Unmatched cancel notification for request id 26
Apr 16, 2024 8:25:16 PM org.eclipse.lsp4j.jsonrpc.RemoteEndpoint handleCancellation
WARNING: Unmatched cancel notification for request id 27
Apr 16, 2024 8:25:17 PM org.eclipse.lsp4j.jsonrpc.RemoteEndpoint handleCancellation
WARNING: Unmatched cancel notification for request id 35
Apr 16, 2024 8:25:17 PM org.eclipse.lsp4j.jsonrpc.RemoteEndpoint handleCancellation
WARNING: Unmatched cancel notification for request id 38
2024.04.16 20:25:19 INFO  BSP server: Downloading https://repo1.maven.org/maven2/org/scala-lang/scala-library/2.12.19/scala-library-2.12.19.jar
2024.04.16 20:25:19 INFO  BSP server: Downloading https://repo1.maven.org/maven2/org/scala-lang/scala-compiler/2.12.19/scala-compiler-2.12.19.jar
2024.04.16 20:25:19 WARN  Could not find semantic tokens for: file:///C:/Users/Abdulla/OneDrive/Desktop/Codes/Scala/hi.scala
2024.04.16 20:25:20 WARN  no build target for: C:\Users\Abdulla\OneDrive\Desktop\Codes\Scala\hi.scala
Apr 16, 2024 8:25:22 PM org.eclipse.lsp4j.jsonrpc.RemoteEndpoint handleCancellation
WARNING: Unmatched cancel notification for request id 66
2024.04.16 20:25:22 INFO  BSP server: Downloaded https://repo1.maven.org/maven2/org/scala-lang/scala-compiler/2.12.19/scala-compiler-2.12.19.jar
2024.04.16 20:25:23 WARN  no build target for: C:\Users\Abdulla\OneDrive\Desktop\Codes\Scala\hi.scala
2024.04.16 20:25:24 INFO  BSP server: Downloaded https://repo1.maven.org/maven2/org/scala-lang/scala-library/2.12.19/scala-library-2.12.19.jar
2024.04.16 20:25:24 INFO  BSP server: Starting compilation server
Apr 16, 2024 8:25:31 PM org.eclipse.lsp4j.jsonrpc.RemoteEndpoint handleCancellation
WARNING: Unmatched cancel notification for request id 85
2024.04.16 20:25:31 INFO  time: Connected to build server in 1m14s
2024.04.16 20:25:31 INFO  Connected to Build server: scala-cli v1.2.1
2024.04.16 20:25:31 INFO  time: Imported build in 0.52s
2024.04.16 20:25:33 INFO  compiling scala_f4dd477a3a (2 scala sources)
2024.04.16 20:25:39 INFO  time: compiled Scala_f4dd477a3a in 6.42s
Apr 16, 2024 8:25:49 PM org.eclipse.lsp4j.jsonrpc.services.GenericEndpoint notify
INFO: Unsupported notification method: $/setTrace
2024.04.16 20:25:52 INFO  time: indexed workspace in 20s
Apr 16, 2024 8:26:16 PM org.eclipse.lsp4j.jsonrpc.RemoteEndpoint handleCancellation
WARNING: Unmatched cancel notification for request id 112
